<?xml version="1.0" encoding="UTF-8"?>
<testng-results ignored="0" total="4" passed="4" failed="0" skipped="0">
  <reporter-output>
    <line>
      <![CDATA[bye]]>
    </line>
    <line>
      <![CDATA[bye]]>
    </line>
    <line>
      <![CDATA[bye]]>
    </line>
    <line>
      <![CDATA[bye]]>
    </line>
  </reporter-output>
  <suite started-at="2021-05-27T20:38:51 IST" name="Default suite" finished-at="2021-05-27T20:38:51 IST" duration-ms="49">
    <groups>
    </groups>
    <test started-at="2021-05-27T20:38:51 IST" name="Default test" finished-at="2021-05-27T20:38:51 IST" duration-ms="49">
      <class name="sample.Demo2">
        <test-method signature="connect()[pri:0, instance:sample.Demo2@2de23121]" started-at="2021-05-27T20:38:51 IST" name="connect" finished-at="2021-05-27T20:38:51 IST" duration-ms="11" status="PASS">
          <reporter-output>
            <line>
              <![CDATA[bye]]>
            </line>
          </reporter-output>
        </test-method> <!-- connect -->
        <test-method signature="connect1()[pri:0, instance:sample.Demo2@2de23121]" started-at="2021-05-27T20:38:51 IST" name="connect1" finished-at="2021-05-27T20:38:51 IST" duration-ms="1" status="PASS">
          <reporter-output>
            <line>
              <![CDATA[bye]]>
            </line>
          </reporter-output>
        </test-method> <!-- connect1 -->
        <test-method signature="connect1()[pri:0, instance:sample.Demo2@2de23121]" started-at="2021-05-27T20:38:51 IST" name="connect1" finished-at="2021-05-27T20:38:51 IST" duration-ms="1" status="PASS">
          <reporter-output>
            <line>
              <![CDATA[bye]]>
            </line>
          </reporter-output>
        </test-method> <!-- connect1 -->
        <test-method signature="connect1()[pri:0, instance:sample.Demo2@2de23121]" started-at="2021-05-27T20:38:51 IST" name="connect1" finished-at="2021-05-27T20:38:51 IST" duration-ms="1" status="PASS">
          <reporter-output>
            <line>
              <![CDATA[bye]]>
            </line>
          </reporter-output>
        </test-method> <!-- connect1 -->
      </class> <!-- sample.Demo2 -->
    </test> <!-- Default test -->
  </suite> <!-- Default suite -->
</testng-results>
