<?xml version="1.0" encoding="UTF-8"?>
<!-- Generated by org.testng.reporters.JUnitXMLReporter -->
<testsuite ignored="0" hostname="DESKTOP-E7LGD4V" failures="0" tests="4" name="Default test" time="0.049" errors="0" timestamp="2021-05-27T20:38:51 IST">
  <testcase classname="sample.Demo2" name="connect" time="0.011"/>
  <testcase classname="sample.Demo2" name="connect1" time="0.001"/>
  <testcase classname="sample.Demo2" name="connect1" time="0.001"/>
  <testcase classname="sample.Demo2" name="connect1" time="0.001"/>
</testsuite> <!-- Default test -->
